CRITICAL - 2023-04-24 08:38:58 --> Attempt to read property "first_name" on null
in APPPATH\Controllers\Cw_Support.php on line 17.
 1 APPPATH\Controllers\Cw_Support.php(17): CodeIgniter\Debug\Exceptions->errorHandler(2, 'Attempt to read property "first_name" on null', 'APPPATH\\Controllers\\Cw_Support.php', 17)
 2 SYSTEMPATH\CodeIgniter.php(934): App\Controllers\Cw_Support->index()
 3 SYSTEMPATH\CodeIgniter.php(499): CodeIgniter\CodeIgniter->runController(Object(App\Controllers\Cw_Support))
 4 SYSTEMPATH\CodeIgniter.php(368): CodeIgniter\CodeIgniter->handleRequest(null, Object(Config\Cache), false)
 5 FCPATH\index.php(67): CodeIgniter\CodeIgniter->run()
CRITICAL - 2023-04-24 08:39:01 --> Attempt to read property "first_name" on null
in APPPATH\Controllers\Cw_Post.php on line 19.
 1 APPPATH\Controllers\Cw_Post.php(19): CodeIgniter\Debug\Exceptions->errorHandler(2, 'Attempt to read property "first_name" on null', 'APPPATH\\Controllers\\Cw_Post.php', 19)
 2 SYSTEMPATH\CodeIgniter.php(934): App\Controllers\Cw_Post->index()
 3 SYSTEMPATH\CodeIgniter.php(499): CodeIgniter\CodeIgniter->runController(Object(App\Controllers\Cw_Post))
 4 SYSTEMPATH\CodeIgniter.php(368): CodeIgniter\CodeIgniter->handleRequest(null, Object(Config\Cache), false)
 5 FCPATH\index.php(67): CodeIgniter\CodeIgniter->run()
CRITICAL - 2023-04-24 08:39:03 --> Attempt to read property "first_name" on null
in APPPATH\Controllers\Cw_Post.php on line 162.
 1 APPPATH\Controllers\Cw_Post.php(162): CodeIgniter\Debug\Exceptions->errorHandler(2, 'Attempt to read property "first_name" on null', 'APPPATH\\Controllers\\Cw_Post.php', 162)
 2 SYSTEMPATH\CodeIgniter.php(934): App\Controllers\Cw_Post->Update_Post_view()
 3 SYSTEMPATH\CodeIgniter.php(499): CodeIgniter\CodeIgniter->runController(Object(App\Controllers\Cw_Post))
 4 SYSTEMPATH\CodeIgniter.php(368): CodeIgniter\CodeIgniter->handleRequest(null, Object(Config\Cache), false)
 5 FCPATH\index.php(67): CodeIgniter\CodeIgniter->run()
CRITICAL - 2023-04-24 08:39:04 --> Attempt to read property "first_name" on null
in APPPATH\Controllers\Cw_Post.php on line 19.
 1 APPPATH\Controllers\Cw_Post.php(19): CodeIgniter\Debug\Exceptions->errorHandler(2, 'Attempt to read property "first_name" on null', 'APPPATH\\Controllers\\Cw_Post.php', 19)
 2 SYSTEMPATH\CodeIgniter.php(934): App\Controllers\Cw_Post->index()
 3 SYSTEMPATH\CodeIgniter.php(499): CodeIgniter\CodeIgniter->runController(Object(App\Controllers\Cw_Post))
 4 SYSTEMPATH\CodeIgniter.php(368): CodeIgniter\CodeIgniter->handleRequest(null, Object(Config\Cache), false)
 5 FCPATH\index.php(67): CodeIgniter\CodeIgniter->run()
CRITICAL - 2023-04-24 08:39:04 --> Attempt to read property "first_name" on null
in APPPATH\Controllers\Cw_Post.php on line 88.
 1 APPPATH\Controllers\Cw_Post.php(88): CodeIgniter\Debug\Exceptions->errorHandler(2, 'Attempt to read property "first_name" on null', 'APPPATH\\Controllers\\Cw_Post.php', 88)
 2 SYSTEMPATH\CodeIgniter.php(934): App\Controllers\Cw_Post->Create_Post_view()
 3 SYSTEMPATH\CodeIgniter.php(499): CodeIgniter\CodeIgniter->runController(Object(App\Controllers\Cw_Post))
 4 SYSTEMPATH\CodeIgniter.php(368): CodeIgniter\CodeIgniter->handleRequest(null, Object(Config\Cache), false)
 5 FCPATH\index.php(67): CodeIgniter\CodeIgniter->run()
CRITICAL - 2023-04-24 08:39:05 --> Attempt to read property "first_name" on null
in APPPATH\Controllers\Cw_Post.php on line 19.
 1 APPPATH\Controllers\Cw_Post.php(19): CodeIgniter\Debug\Exceptions->errorHandler(2, 'Attempt to read property "first_name" on null', 'APPPATH\\Controllers\\Cw_Post.php', 19)
 2 SYSTEMPATH\CodeIgniter.php(934): App\Controllers\Cw_Post->index()
 3 SYSTEMPATH\CodeIgniter.php(499): CodeIgniter\CodeIgniter->runController(Object(App\Controllers\Cw_Post))
 4 SYSTEMPATH\CodeIgniter.php(368): CodeIgniter\CodeIgniter->handleRequest(null, Object(Config\Cache), false)
 5 FCPATH\index.php(67): CodeIgniter\CodeIgniter->run()
CRITICAL - 2023-04-24 08:39:07 --> Attempt to read property "first_name" on null
in APPPATH\Controllers\Cw_Post.php on line 19.
 1 APPPATH\Controllers\Cw_Post.php(19): CodeIgniter\Debug\Exceptions->errorHandler(2, 'Attempt to read property "first_name" on null', 'APPPATH\\Controllers\\Cw_Post.php', 19)
 2 SYSTEMPATH\CodeIgniter.php(934): App\Controllers\Cw_Post->index()
 3 SYSTEMPATH\CodeIgniter.php(499): CodeIgniter\CodeIgniter->runController(Object(App\Controllers\Cw_Post))
 4 SYSTEMPATH\CodeIgniter.php(368): CodeIgniter\CodeIgniter->handleRequest(null, Object(Config\Cache), false)
 5 FCPATH\index.php(67): CodeIgniter\CodeIgniter->run()
CRITICAL - 2023-04-24 08:39:07 --> Attempt to read property "first_name" on null
in APPPATH\Controllers\Cw_Post.php on line 19.
 1 APPPATH\Controllers\Cw_Post.php(19): CodeIgniter\Debug\Exceptions->errorHandler(2, 'Attempt to read property "first_name" on null', 'APPPATH\\Controllers\\Cw_Post.php', 19)
 2 SYSTEMPATH\CodeIgniter.php(934): App\Controllers\Cw_Post->index()
 3 SYSTEMPATH\CodeIgniter.php(499): CodeIgniter\CodeIgniter->runController(Object(App\Controllers\Cw_Post))
 4 SYSTEMPATH\CodeIgniter.php(368): CodeIgniter\CodeIgniter->handleRequest(null, Object(Config\Cache), false)
 5 FCPATH\index.php(67): CodeIgniter\CodeIgniter->run()
